<?xml version="1.0" encoding="UTF-8"?>
<testsuite name="io.testapi.cucumber.TestRunner" time="3.109" tests="21" errors="0" skipped="0" failures="2">
  <properties>
    <property name="idea.version" value="2021.2.2"/>
    <property name="java.runtime.name" value="Java(TM) SE Runtime Environment"/>
    <property name="sun.boot.library.path" value="C:\Program Files\Java\jdk1.8.0_121\jre\bin"/>
    <property name="java.vm.version" value="25.121-b13"/>
    <property name="java.vm.vendor" value="Oracle Corporation"/>
    <property name="maven.multiModuleProjectDirectory" value="C:\Users\kaush\Desktop\Try\BBC-API-TEST"/>
    <property name="java.vendor.url" value="http://java.oracle.com/"/>
    <property name="path.separator" value=";"/>
    <property name="guice.disable.misplaced.annotation.check" value="true"/>
    <property name="java.vm.name" value="Java HotSpot(TM) 64-Bit Server VM"/>
    <property name="file.encoding.pkg" value="sun.io"/>
    <property name="user.script" value=""/>
    <property name="user.country" value="US"/>
    <property name="sun.java.launcher" value="SUN_STANDARD"/>
    <property name="sun.os.patch.level" value=""/>
    <property name="java.vm.specification.name" value="Java Virtual Machine Specification"/>
    <property name="user.dir" value="C:\Users\kaush\Desktop\Try\BBC-API-TEST"/>
    <property name="java.runtime.version" value="1.8.0_121-b13"/>
    <property name="java.awt.graphicsenv" value="sun.awt.Win32GraphicsEnvironment"/>
    <property name="java.endorsed.dirs" value="C:\Program Files\Java\jdk1.8.0_121\jre\lib\endorsed"/>
    <property name="os.arch" value="amd64"/>
    <property name="java.io.tmpdir" value="C:\Users\kaush\AppData\Local\Temp\"/>
    <property name="line.separator" value="&#10;"/>
    <property name="java.vm.specification.vendor" value="Oracle Corporation"/>
    <property name="user.variant" value=""/>
    <property name="os.name" value="Windows 10"/>
    <property name="maven.ext.class.path" value="C:\Program Files\JetBrains\IntelliJ IDEA Community Edition 2021.2.2\plugins\maven\lib\maven-event-listener.jar"/>
    <property name="classworlds.conf" value="C:\Program Files\JetBrains\IntelliJ IDEA Community Edition 2021.2.2\plugins\maven\lib\maven3\bin\m2.conf"/>
    <property name="sun.jnu.encoding" value="Cp1252"/>
    <property name="java.library.path" value="C:\Program Files\Java\jdk1.8.0_121\bin;C:\Windows\Sun\Java\bin;C:\Windows\system32;C:\Windows;C:\ProgramData\Oracle\Java\javapath;C:\Program Files (x86)\Intel\iCLS Client\;C:\Program Files\Intel\iCLS Client\;C:\Windows\system32;C:\Windows;C:\Windows\System32\Wbem;C:\Windows\System32\WindowsPowerShell\v1.0\;C:\Program Files (x86)\Intel\Intel(R) Management Engine Components\DAL;C:\Program Files\Intel\Intel(R) Management Engine Components\DAL;C:\Program Files (x86)\Intel\Intel(R) Management Engine Components\IPT;C:\Program Files\Intel\Intel(R) Management Engine Components\IPT;C:\Windows\System32\OpenSSH\;C:\Program Files\Java\jdk1.8.0_121\bin;C:\Program Files\Apache\apache-maven-3.8.2\bin;C:\Program Files\Git\cmd;C:\Program Files\nodejs\;C:\Users\kaush\AppData\Local\Microsoft\WindowsApps;C:\Users\kaush\AppData\Local\Programs\Microsoft VS Code\bin;C:\Users\kaush\AppData\Roaming\npm;."/>
    <property name="maven.conf" value="C:\Program Files\JetBrains\IntelliJ IDEA Community Edition 2021.2.2\plugins\maven\lib\maven3/conf"/>
    <property name="java.specification.name" value="Java Platform API Specification"/>
    <property name="java.class.version" value="52.0"/>
    <property name="sun.management.compiler" value="HotSpot 64-Bit Tiered Compilers"/>
    <property name="os.version" value="10.0"/>
    <property name="user.home" value="C:\Users\kaush"/>
    <property name="user.timezone" value="Europe/London"/>
    <property name="java.awt.printerjob" value="sun.awt.windows.WPrinterJob"/>
    <property name="java.specification.version" value="1.8"/>
    <property name="file.encoding" value="UTF-8"/>
    <property name="user.name" value="Kaveesh"/>
    <property name="java.class.path" value="C:\Program Files\JetBrains\IntelliJ IDEA Community Edition 2021.2.2\plugins\maven\lib\maven3\boot\plexus-classworlds-2.6.0.jar;C:\Program Files\JetBrains\IntelliJ IDEA Community Edition 2021.2.2\plugins\maven\lib\maven3\boot\plexus-classworlds.license;C:\Program Files\JetBrains\IntelliJ IDEA Community Edition 2021.2.2\lib\idea_rt.jar"/>
    <property name="java.vm.specification.version" value="1.8"/>
    <property name="sun.arch.data.model" value="64"/>
    <property name="java.home" value="C:\Program Files\Java\jdk1.8.0_121\jre"/>
    <property name="sun.java.command" value="org.codehaus.classworlds.Launcher -Didea.version=2021.2.2 clean verify serenity:aggregate"/>
    <property name="java.specification.vendor" value="Oracle Corporation"/>
    <property name="user.language" value="en"/>
    <property name="awt.toolkit" value="sun.awt.windows.WToolkit"/>
    <property name="java.vm.info" value="mixed mode"/>
    <property name="java.version" value="1.8.0_121"/>
    <property name="java.ext.dirs" value="C:\Program Files\Java\jdk1.8.0_121\jre\lib\ext;C:\Windows\Sun\Java\lib\ext"/>
    <property name="sun.boot.class.path" value="C:\Program Files\Java\jdk1.8.0_121\jre\lib\resources.jar;C:\Program Files\Java\jdk1.8.0_121\jre\lib\rt.jar;C:\Program Files\Java\jdk1.8.0_121\jre\lib\sunrsasign.jar;C:\Program Files\Java\jdk1.8.0_121\jre\lib\jsse.jar;C:\Program Files\Java\jdk1.8.0_121\jre\lib\jce.jar;C:\Program Files\Java\jdk1.8.0_121\jre\lib\charsets.jar;C:\Program Files\Java\jdk1.8.0_121\jre\lib\jfr.jar;C:\Program Files\Java\jdk1.8.0_121\jre\classes"/>
    <property name="java.vendor" value="Oracle Corporation"/>
    <property name="maven.home" value="C:\Program Files\JetBrains\IntelliJ IDEA Community Edition 2021.2.2\plugins\maven\lib\maven3"/>
    <property name="file.separator" value="\"/>
    <property name="java.vendor.url.bug" value="http://bugreport.sun.com/bugreport/"/>
    <property name="sun.cpu.endian" value="little"/>
    <property name="sun.io.unicode.encoding" value="UnicodeLittle"/>
    <property name="sun.desktop" value="windows"/>
    <property name="sun.cpu.isalist" value="amd64"/>
  </properties>
  <testcase name="When User sends a GET request to the media endpoints" classname="Scenario: Verify that the BBC  Music tracks application can be accessed by users" time="0"/>
  <testcase name="Then then user must get back response with status code 200" classname="Scenario: Verify that the BBC  Music tracks application can be accessed by users" time="0"/>
  <testcase name="Scenario: Verify that the BBC  Music tracks application can be accessed by users" classname="Scenario: Verify that the BBC  Music tracks application can be accessed by users" time="2.328"/>
  <testcase name="When User sends a GET request to the media endpoints" classname="Scenario: Verify that the BBC  Music tracks application  get call is under 1000 milliseconds" time="0"/>
  <testcase name="Then Response time should be below 1000 milliseconds" classname="Scenario: Verify that the BBC  Music tracks application  get call is under 1000 milliseconds" time="0"/>
  <testcase name="Scenario: Verify that the BBC  Music tracks application  get call is under 1000 milliseconds" classname="Scenario: Verify that the BBC  Music tracks application  get call is under 1000 milliseconds" time="0.109"/>
  <testcase name="When User sends a GET request to the media endpoints" classname="Scenario: As  a user I should always presented with Music track id as not null or empty" time="0"/>
  <testcase name="Then Verify that the id &quot;id&quot; field is never null or Empty for all the items present in the list" classname="Scenario: As  a user I should always presented with Music track id as not null or empty" time="0"/>
  <testcase name="Scenario: As  a user I should always presented with Music track id as not null or empty" classname="Scenario: As  a user I should always presented with Music track id as not null or empty" time="0.078"/>
  <testcase name="When User sends a GET request to the media endpoints" classname="Scenario: As  a user I should always see segment_type value as music" time="0"/>
  <testcase name="Then the segment type &quot;segment_type&quot; field for every track is music &quot;music&quot;" classname="Scenario: As  a user I should always see segment_type value as music" time="0"/>
  <testcase name="Scenario: As  a user I should always see segment_type value as music" classname="Scenario: As  a user I should always see segment_type value as music" time="0.328"/>
  <testcase name="When User sends a GET request to the media endpoints" classname="Scenario: As a user I should always see primary field not null or empty  under title_list" time="0"/>
  <testcase name="Then Verify that the primary &quot;primary&quot; field in the  title list &quot;title_list&quot; is never  null or empty for any track" classname="Scenario: As a user I should always see primary field not null or empty  under title_list" time="0"/>
  <testcase name="Scenario: As a user I should always see primary field not null or empty  under title_list" classname="Scenario: As a user I should always see primary field not null or empty  under title_list" time="0.141"/>
  <testcase name="When User sends a GET request to the media endpoints" classname="Scenario: As a user I should see only one track  field now_playing is true from  list under offset" time="0"/>
  <testcase name="Then Verify that only one track in the list has &quot;now_playing&quot; field in &quot;offset&quot; as true" classname="Scenario: As a user I should see only one track  field now_playing is true from  list under offset" time="0">
    <failure message="Now_paying has true value more than one  expected:&lt;1&gt; but was:&lt;14&gt;" type="java.lang.AssertionError"><![CDATA[java.lang.AssertionError: Now_paying has true value more than one  expected:<1> but was:<14>
	at org.junit.Assert.fail(Assert.java:88)
	at org.junit.Assert.failNotEquals(Assert.java:834)
	at org.junit.Assert.assertEquals(Assert.java:645)
	at io.testapi.cucumber.stepsdefinitions.bbcMusicStepdefs.verifyThatOnlyOneTrackInTheListHasFieldInAsTrue(bbcMusicStepdefs.java:80)
	at ✽.Then Verify that only one track in the list has "now_playing" field in "offset" as true(bbc.feature:25)
]]></failure>
  </testcase>
  <testcase name="Scenario: As a user I should see only one track  field now_playing is true from  list under offset" classname="Scenario: As a user I should see only one track  field now_playing is true from  list under offset" time="0">
    <failure message="Now_paying has true value more than one  expected:&lt;1&gt; but was:&lt;14&gt;" type="java.lang.AssertionError"><![CDATA[java.lang.AssertionError: Now_paying has true value more than one  expected:<1> but was:<14>
	at org.junit.Assert.fail(Assert.java:88)
	at org.junit.Assert.failNotEquals(Assert.java:834)
	at org.junit.Assert.assertEquals(Assert.java:645)
	at io.testapi.cucumber.stepsdefinitions.bbcMusicStepdefs.verifyThatOnlyOneTrackInTheListHasFieldInAsTrue(bbcMusicStepdefs.java:80)
	at ✽.Then Verify that only one track in the list has "now_playing" field in "offset" as true(bbc.feature:25)
]]></failure>
  </testcase>
  <testcase name="When User sends a GET request to the media endpoints" classname="Scenario: As a user I should be present with date" time="0"/>
  <testcase name="Then Verify the &quot;Date&quot; value in the response headers" classname="Scenario: As a user I should be present with date" time="0"/>
  <testcase name="Scenario: As a user I should be present with date" classname="Scenario: As a user I should be present with date" time="0.125"/>
</testsuite>